INFO 2020/10/24 07:35:19 No translation bundle found for default language "en"
INFO 2020/10/24 07:35:19 Translation func for language en not found, use default.
INFO 2020/10/24 07:35:19 i18n not initialized; if you need string translations, check that you have a bundle in /i18n that matches the site language or the default language.
INFO 2020/10/24 07:35:19 Using config file: 
Building sites ΓÇª INFO 2020/10/24 07:35:19 syncing static files to Y:\local\repos\devopsdays-web\

                   |  EN    
-------------------+--------
  Pages            |  4529  
  Paginator pages  |     2  
  Non-page files   |    42  
  Static files     | 14835  
  Processed images |     0  
  Aliases          |   375  
  Sitemaps         |     1  
  Cleaned          |     0  

Built in 367342 ms
Watching for changes in Y:\local\repos\devopsdays-web\{archetypes,content,data,static,themes}
Watching for config changes in Y:\local\repos\devopsdays-web\config.toml
Environment: "development"
Serving pages from memory
Running in Fast Render Mode. For full rebuilds on change: hugo server --disableFastRender
Web Server is available at http://localhost:1313/ (bind address 127.0.0.1)
Press Ctrl+C to stop
INFO 2020/10/24 07:47:38 Received System Events: ["Y:\\local\\repos\\devopsdays-web\\data\\events\\2021-nashville.yml": WRITE "Y:\\local\\repos\\devopsdays-web\\data\\events\\2021-nashville.yml": WRITE]

Change detected, rebuilding site.
2020-10-24 07:47:38.771 -0500
Data changed "Y:\\local\\repos\\devopsdays-web\\data\\events\\2021-nashville.yml": WRITE
Total in 41729 ms
INFO 2020/10/24 07:48:20 Received System Events: ["Y:\\local\\repos\\devopsdays-web\\data\\events\\2021-nashville.yml": WRITE "Y:\\local\\repos\\devopsdays-web\\data\\events\\2021-nashville.yml": WRITE]

Change detected, rebuilding site.
2020-10-24 07:48:20.529 -0500
Data changed "Y:\\local\\repos\\devopsdays-web\\data\\events\\2021-nashville.yml": WRITE
Total in 3073 ms
INFO 2020/10/24 07:48:35 Received System Events: ["Y:\\local\\repos\\devopsdays-web\\data\\events\\2021-nashville.yml": WRITE "Y:\\local\\repos\\devopsdays-web\\data\\events\\2021-nashville.yml": WRITE]

Change detected, rebuilding site.
2020-10-24 07:48:35.773 -0500
Data changed "Y:\\local\\repos\\devopsdays-web\\data\\events\\2021-nashville.yml": WRITE
Total in 3610 ms
INFO 2020/10/24 07:48:39 Received System Events: ["Y:\\local\\repos\\devopsdays-web\\data\\events\\2021-nashville.yml": WRITE "Y:\\local\\repos\\devopsdays-web\\data\\events\\2021-nashville.yml": WRITE]

Change detected, rebuilding site.
2020-10-24 07:48:39.384 -0500
Data changed "Y:\\local\\repos\\devopsdays-web\\data\\events\\2021-nashville.yml": WRITE
Total in 3867 ms
INFO 2020/10/24 07:48:43 Received System Events: ["Y:\\local\\repos\\devopsdays-web\\data\\events\\2021-nashville.yml": WRITE "Y:\\local\\repos\\devopsdays-web\\data\\events\\2021-nashville.yml": WRITE]

Change detected, rebuilding site.
2020-10-24 07:48:43.252 -0500
Data changed "Y:\\local\\repos\\devopsdays-web\\data\\events\\2021-nashville.yml": WRITE
Total in 4096 ms
INFO 2020/10/24 07:50:13 Received System Events: ["Y:\\local\\repos\\devopsdays-web\\content\\events\\2021-nashville\\sponsor.md": WRITE "Y:\\local\\repos\\devopsdays-web\\content\\events\\2021-nashville\\sponsor.md": WRITE]

Change detected, rebuilding site.
2020-10-24 07:50:13.770 -0500
Source changed "Y:\\local\\repos\\devopsdays-web\\content\\events\\2021-nashville\\sponsor.md": WRITE
Total in 1739 ms
INFO 2020/10/24 07:51:11 Received System Events: ["Y:\\local\\repos\\devopsdays-web\\content\\events\\2021-nashville\\sponsor.md": WRITE "Y:\\local\\repos\\devopsdays-web\\content\\events\\2021-nashville\\sponsor.md": WRITE]

Change detected, rebuilding site.
2020-10-24 07:51:11.773 -0500
Source changed "Y:\\local\\repos\\devopsdays-web\\content\\events\\2021-nashville\\sponsor.md": WRITE
Total in 1949 ms
INFO 2020/10/24 07:53:32 Received System Events: ["Y:\\local\\repos\\devopsdays-web\\content\\events\\2021-nashville\\sponsor.md": WRITE "Y:\\local\\repos\\devopsdays-web\\content\\events\\2021-nashville\\sponsor.md": WRITE]

Change detected, rebuilding site.
2020-10-24 07:53:32.770 -0500
Source changed "Y:\\local\\repos\\devopsdays-web\\content\\events\\2021-nashville\\sponsor.md": WRITE
Total in 2498 ms
INFO 2020/10/24 07:57:25 Received System Events: ["Y:\\local\\repos\\devopsdays-web\\static\\events\\2021-nashville\\sponsor-DOD.png": CREATE "Y:\\local\\repos\\devopsdays-web\\static\\events\\2021-nashville\\sponsor-DOD.png": WRITE "Y:\\local\\repos\\devopsdays-web\\static\\events\\2021-nashville\\sponsor-DOD.png": WRITE "Y:\\local\\repos\\devopsdays-web\\static\\events\\2021-nashville\\sponsor-DOD.png": WRITE "Y:\\local\\repos\\devopsdays-web\\static\\events\\2021-nashville\\sponsor-DOD.png": WRITE "Y:\\local\\repos\\devopsdays-web\\static\\events\\2021-nashville": WRITE]

Change of Static files detected, rebuilding site.
2020-10-24 07:57:25.779 -0500
Syncing events\2021-nashville\sponsor-DOD.png to Y:\local\repos\devopsdays-web\
Syncing events\2021-nashville to Y:\local\repos\devopsdays-web\
INFO 2020/10/24 07:58:17 Received System Events: ["Y:\\local\\repos\\devopsdays-web\\static\\events\\2021-nashville\\sponsor-DOD.png": REMOVE "Y:\\local\\repos\\devopsdays-web\\static\\events\\2021-nashville\\sponsor-DOD.png": RENAME "Y:\\local\\repos\\devopsdays-web\\static\\events\\2021-nashville\\sponsor-dod.png": CREATE "Y:\\local\\repos\\devopsdays-web\\static\\events\\2021-nashville": WRITE]

Change of Static files detected, rebuilding site.
2020-10-24 07:58:17.772 -0500
Syncing events\2021-nashville\sponsor-DOD.png to Y:\local\repos\devopsdays-web\
Syncing events\2021-nashville\sponsor-dod.png to Y:\local\repos\devopsdays-web\
Syncing events\2021-nashville to Y:\local\repos\devopsdays-web\
INFO 2020/10/24 07:58:19 Received System Events: ["Y:\\local\\repos\\devopsdays-web\\content\\events\\2021-nashville\\sponsor.md": WRITE "Y:\\local\\repos\\devopsdays-web\\content\\events\\2021-nashville\\sponsor.md": WRITE]

Change detected, rebuilding site.
2020-10-24 07:58:19.771 -0500
Source changed "Y:\\local\\repos\\devopsdays-web\\content\\events\\2021-nashville\\sponsor.md": WRITE
Total in 2262 ms
INFO 2020/10/24 07:59:11 Received System Events: ["Y:\\local\\repos\\devopsdays-web\\static\\events\\2021-nashville\\sponsor-dod.png": WRITE "Y:\\local\\repos\\devopsdays-web\\static\\events\\2021-nashville\\sponsor-dod.png": WRITE "Y:\\local\\repos\\devopsdays-web\\static\\events\\2021-nashville\\sponsor-dod.png": WRITE]

Change of Static files detected, rebuilding site.
2020-10-24 07:59:11.770 -0500
Syncing events\2021-nashville\sponsor-dod.png to Y:\local\repos\devopsdays-web\
INFO 2020/10/24 07:59:31 Received System Events: ["Y:\\local\\repos\\devopsdays-web\\content\\events\\2021-nashville\\sponsor.md": WRITE "Y:\\local\\repos\\devopsdays-web\\content\\events\\2021-nashville\\sponsor.md": WRITE]

Change detected, rebuilding site.
2020-10-24 07:59:31.770 -0500
Source changed "Y:\\local\\repos\\devopsdays-web\\content\\events\\2021-nashville\\sponsor.md": WRITE
Total in 2802 ms
INFO 2020/10/24 07:59:53 Received System Events: ["Y:\\local\\repos\\devopsdays-web\\content\\events\\2021-nashville\\sponsor.md": WRITE "Y:\\local\\repos\\devopsdays-web\\content\\events\\2021-nashville\\sponsor.md": WRITE]

Change detected, rebuilding site.
2020-10-24 07:59:53.772 -0500
Source changed "Y:\\local\\repos\\devopsdays-web\\content\\events\\2021-nashville\\sponsor.md": WRITE
Total in 3035 ms
INFO 2020/10/24 07:59:58 Received System Events: ["Y:\\local\\repos\\devopsdays-web\\content\\events\\2021-nashville\\sponsor.md": WRITE "Y:\\local\\repos\\devopsdays-web\\content\\events\\2021-nashville\\sponsor.md": WRITE]

Change detected, rebuilding site.
2020-10-24 07:59:58.772 -0500
Source changed "Y:\\local\\repos\\devopsdays-web\\content\\events\\2021-nashville\\sponsor.md": WRITE
Total in 2555 ms
INFO 2020/10/24 08:02:32 Received System Events: ["Y:\\local\\repos\\devopsdays-web\\content\\events\\2021-nashville\\sponsor.md": WRITE "Y:\\local\\repos\\devopsdays-web\\content\\events\\2021-nashville\\sponsor.md": WRITE]

Change detected, rebuilding site.
2020-10-24 08:02:32.771 -0500
Source changed "Y:\\local\\repos\\devopsdays-web\\content\\events\\2021-nashville\\sponsor.md": WRITE
Total in 2288 ms
INFO 2020/10/24 08:03:17 Received System Events: ["Y:\\local\\repos\\devopsdays-web\\content\\events\\2021-nashville\\sponsor.md": WRITE "Y:\\local\\repos\\devopsdays-web\\content\\events\\2021-nashville\\sponsor.md": WRITE]

Change detected, rebuilding site.
2020-10-24 08:03:17.790 -0500
Source changed "Y:\\local\\repos\\devopsdays-web\\content\\events\\2021-nashville\\sponsor.md": WRITE
Total in 2732 ms
INFO 2020/10/24 08:04:08 Received System Events: ["Y:\\local\\repos\\devopsdays-web\\content\\events\\2021-nashville\\sponsor.md": WRITE "Y:\\local\\repos\\devopsdays-web\\content\\events\\2021-nashville\\sponsor.md": WRITE]

Change detected, rebuilding site.
2020-10-24 08:04:08.774 -0500
Source changed "Y:\\local\\repos\\devopsdays-web\\content\\events\\2021-nashville\\sponsor.md": WRITE
Total in 2420 ms
INFO 2020/10/24 08:05:01 Received System Events: ["Y:\\local\\repos\\devopsdays-web\\content\\events\\2021-nashville\\sponsor.md": WRITE "Y:\\local\\repos\\devopsdays-web\\content\\events\\2021-nashville\\sponsor.md": WRITE]

Change detected, rebuilding site.
2020-10-24 08:05:01.770 -0500
Source changed "Y:\\local\\repos\\devopsdays-web\\content\\events\\2021-nashville\\sponsor.md": WRITE
Total in 2190 ms
INFO 2020/10/24 08:05:21 Received System Events: ["Y:\\local\\repos\\devopsdays-web\\content\\events\\2021-nashville\\sponsor.md": WRITE "Y:\\local\\repos\\devopsdays-web\\content\\events\\2021-nashville\\sponsor.md": WRITE]

Change detected, rebuilding site.
2020-10-24 08:05:21.773 -0500
Source changed "Y:\\local\\repos\\devopsdays-web\\content\\events\\2021-nashville\\sponsor.md": WRITE
Total in 2315 ms
INFO 2020/10/24 08:06:15 Received System Events: ["Y:\\local\\repos\\devopsdays-web\\content\\events\\2021-nashville\\sponsor.md": WRITE "Y:\\local\\repos\\devopsdays-web\\content\\events\\2021-nashville\\sponsor.md": WRITE]

Change detected, rebuilding site.
2020-10-24 08:06:15.771 -0500
Source changed "Y:\\local\\repos\\devopsdays-web\\content\\events\\2021-nashville\\sponsor.md": WRITE
Total in 1938 ms
INFO 2020/10/24 08:06:41 Received System Events: ["Y:\\local\\repos\\devopsdays-web\\content\\events\\2021-nashville\\sponsor.md": WRITE "Y:\\local\\repos\\devopsdays-web\\content\\events\\2021-nashville\\sponsor.md": WRITE]

Change detected, rebuilding site.
2020-10-24 08:06:41.780 -0500
Source changed "Y:\\local\\repos\\devopsdays-web\\content\\events\\2021-nashville\\sponsor.md": WRITE
Total in 2217 ms
INFO 2020/10/24 08:07:51 Received System Events: ["Y:\\local\\repos\\devopsdays-web\\content\\events\\2021-nashville\\sponsor.md": WRITE "Y:\\local\\repos\\devopsdays-web\\content\\events\\2021-nashville\\sponsor.md": WRITE]

Change detected, rebuilding site.
2020-10-24 08:07:51.782 -0500
Source changed "Y:\\local\\repos\\devopsdays-web\\content\\events\\2021-nashville\\sponsor.md": WRITE
Total in 2214 ms
INFO 2020/10/24 08:08:16 Received System Events: ["Y:\\local\\repos\\devopsdays-web\\content\\events\\2021-nashville\\sponsor.md": WRITE "Y:\\local\\repos\\devopsdays-web\\content\\events\\2021-nashville\\sponsor.md": WRITE]

Change detected, rebuilding site.
2020-10-24 08:08:16.773 -0500
Source changed "Y:\\local\\repos\\devopsdays-web\\content\\events\\2021-nashville\\sponsor.md": WRITE
Total in 2502 ms
INFO 2020/10/24 08:09:51 Received System Events: ["Y:\\local\\repos\\devopsdays-web\\content\\events\\2021-nashville\\sponsor.md": WRITE "Y:\\local\\repos\\devopsdays-web\\content\\events\\2021-nashville\\sponsor.md": WRITE]

Change detected, rebuilding site.
2020-10-24 08:09:51.781 -0500
Source changed "Y:\\local\\repos\\devopsdays-web\\content\\events\\2021-nashville\\sponsor.md": WRITE
Total in 2838 ms
INFO 2020/10/24 08:10:42 Received System Events: ["Y:\\local\\repos\\devopsdays-web\\content\\events\\2021-nashville\\sponsor.md": WRITE "Y:\\local\\repos\\devopsdays-web\\content\\events\\2021-nashville\\sponsor.md": WRITE]

Change detected, rebuilding site.
2020-10-24 08:10:42.772 -0500
Source changed "Y:\\local\\repos\\devopsdays-web\\content\\events\\2021-nashville\\sponsor.md": WRITE
Total in 2334 ms
